app/build/outputs/mapping/debug/seeds.txt
com.alisu.filex.VideoPlayerActivity
com.alisu.filex.core.LocalFileProvider$move$1
com.alisu.filex.core.ZipFileProvider$move$1
com.alisu.filex.EditorActivity
com.alisu.filex.core.RarFileProvider
com.alisu.filex.core.ZipFileProvider
com.alisu.filex.core.FileProvider
com.alisu.filex.core.ArchiveManager$updateZip$2
com.alisu.filex.core.ArchiveManager$extractZip$2
com.alisu.filex.core.ArchiveManager$extractEntry$2
com.alisu.filex.core.ArchiveManager$compress$2
com.alisu.filex.core.FileType
com.alisu.filex.core.LocalFileProvider$search$2
com.alisu.filex.core.ZipFileProvider$createDirectory$1
com.alisu.filex.WelcomeActivity
com.alisu.filex.AboutActivity
com.alisu.filex.core.LocalFileNode
com.alisu.filex.core.FileNode
com.alisu.filex.core.ArchiveManager$extractRar$2
com.alisu.filex.core.ArchiveManager$extract7z$2
com.alisu.filex.core.LocalFileProvider$listChildren$2
com.alisu.filex.util.FileTaskService
com.alisu.filex.core.ArchiveManager$extractTar$2
com.alisu.filex.core.VfsFileNode
com.alisu.filex.core.ZipFileProvider$rename$1
com.alisu.filex.MainActivity
com.alisu.filex.ImageViewerActivity
com.alisu.filex.core.SevenZipFileProvider
com.alisu.filex.SettingsActivity
com.alisu.filex.core.TarFileProvider
com.alisu.filex.core.ArchiveManager
com.alisu.filex.core.ZipFileProvider$createFile$1
com.alisu.filex.core.LocalFileProvider
com.alisu.filex.AudioPlayerActivity
com.alisu.filex.core.ArchiveManager$updateZip$2: java.util.List $toDelete
com.alisu.filex.core.ArchiveManager$updateZip$2: java.lang.String $zipPath
com.alisu.filex.core.FileType: kotlin.enums.EnumEntries $ENTRIES
com.alisu.filex.core.LocalFileProvider$search$2: com.alisu.filex.core.LocalFileProvider this$0
com.alisu.filex.core.FileType: com.alisu.filex.core.FileType GZIP
com.alisu.filex.core.ZipFileProvider$createFile$1: java.lang.Object L$0
com.alisu.filex.core.LocalFileProvider$search$2: java.lang.String $rootPath
com.alisu.filex.core.ZipFileProvider$createFile$1: java.lang.Object result
com.alisu.filex.core.FileType: com.alisu.filex.core.FileType IMAGE
com.alisu.filex.core.LocalFileProvider$search$2: java.lang.String $query
com.alisu.filex.core.LocalFileProvider: java.lang.String cacheDir
com.alisu.filex.core.LocalFileNode: long size
com.alisu.filex.core.ArchiveManager$extractEntry$2: java.lang.String $archivePath
com.alisu.filex.core.LocalFileNode: com.alisu.filex.core.FileType type
com.alisu.filex.core.VfsFileNode: com.alisu.filex.core.FileType type
com.alisu.filex.core.FileType: com.alisu.filex.core.FileType TAR
com.alisu.filex.core.ArchiveManager$extractZip$2: java.lang.String $destDir
com.alisu.filex.core.VfsFileNode: boolean isDirectory
com.alisu.filex.core.ArchiveManager$compress$2: java.util.List $sourcePaths
com.alisu.filex.core.ZipFileProvider$move$1: com.alisu.filex.core.ZipFileProvider this$0
com.alisu.filex.core.FileType: com.alisu.filex.core.FileType ZIP
com.alisu.filex.core.SevenZipFileProvider: java.lang.String archivePath
com.alisu.filex.core.ArchiveManager$extract7z$2: java.lang.String $path
com.alisu.filex.core.ArchiveManager$extractEntry$2: int label
com.alisu.filex.core.VfsFileNode: java.lang.String path
com.alisu.filex.core.TarFileProvider: java.lang.String archivePath
com.alisu.filex.core.ArchiveManager$extractRar$2: java.lang.String $destDir
com.alisu.filex.core.VfsFileNode: long size
com.alisu.filex.core.RarFileProvider: java.lang.String archivePath
com.alisu.filex.core.ArchiveManager$extractTar$2: java.lang.String $destDir
com.alisu.filex.core.ZipFileProvider: java.lang.String zipPath
com.alisu.filex.core.FileType: com.alisu.filex.core.FileType FILE
com.alisu.filex.core.LocalFileNode: boolean isDirectory
com.alisu.filex.core.LocalFileProvider$move$1: int label
com.alisu.filex.core.ArchiveManager$extractZip$2: java.lang.String $zipPath
com.alisu.filex.core.ZipFileProvider$rename$1: com.alisu.filex.core.ZipFileProvider this$0
com.alisu.filex.core.LocalFileNode: java.lang.String path
...
androidx.appcompat.widget.AppCompatTextView: void setBackgroundDrawable(android.graphics.drawable.Drawable)
androidx.appcompat.widget.FitWindowsFrameLayout: void setOnFitSystemWindowsListener(androidx.appcompat.widget.FitWindowsViewGroup$OnFitSystemWindowsListener)
com.google.android.material.snackbar.BaseTransientBottomBar$SnackbarBaseLayout: void setOnClickListener(android.view.View$OnClickListener)
com.google.android.material.slider.Slider: void setEnabled(boolean)
com.google.android.material.textfield.TextInputLayout: void setError(java.lang.CharSequence)
androidx.media3.ui.DefaultTimeBar: void setPlayedColor(int)
com.google.android.material.snackbar.SnackbarContentLayout: android.widget.Button getActionView()
androidx.appcompat.app.AlertDialog$Builder: android.content.Context getContext()
androidx.appcompat.widget.ActionBarContainer: void setPrimaryBackground(android.graphics.drawable.Drawable)
androidx.appcompat.widget.ButtonBarLayout: ButtonBarLayout(android.content.Context,android.util.AttributeSet)
com.google.android.material.divider.MaterialDivider: void setDividerColor(int)
androidx.appcompat.widget.ActionBarContextView: int getContentHeight()
com.google.android.material.chip.Chip: void setEnsureMinTouchTargetSize(boolean)
com.google.android.material.slider.Slider: void setThumbElevation(float)
org.apache.commons.compress.archivers.zip.PKWareExtraHeader$HashAlgorithm: org.apache.commons.compress.archivers.zip.PKWareExtraHeader$HashAlgorithm valueOf(java.lang.String)
com.google.android.material.appbar.AppBarLayout: com.google.android.material.shape.MaterialShapeDrawable getMaterialShapeBackground()
androidx.appcompat.widget.Toolbar: void setTitle(java.lang.CharSequence)
com.google.android.material.textfield.TextInputLayout: java.lang.CharSequence getHelperText()
com.google.android.material.divider.MaterialDivider: void setDividerInsetEnd(int)
androidx.appcompat.widget.AppCompatTextView: void setTextFuture(java.util.concurrent.Future)
com.google.android.material.button.MaterialButton: void setInternalBackground(android.graphics.drawable.Drawable)
com.google.android.material.snackbar.BaseTransientBottomBar$SnackbarBaseLayout: void setBackgroundDrawable(android.graphics.drawable.Drawable)
com.caverock.androidsvg.SVG$Style$LineJoin: com.caverock.androidsvg.SVG$Style$LineJoin[] values()
androidx.core.view.WindowInsetsCompat$Impl28: int hashCode()
android.support.v4.media.AudioAttributesCompatParcelizer: androidx.media.AudioAttributesCompat read(androidx.versionedparcelable.VersionedParcel)
com.google.android.material.button.MaterialButtonGroup: void setInnerCornerSizeStateList(com.google.android.material.shape.StateListCornerSize)
androidx.core.view.WindowInsetsCompat$Impl21: androidx.core.view.WindowInsetsCompat consumeStableInsets()
androidx.media3.ui.PlayerView: java.util.List getAdOverlayInfos()
androidx.vectordrawable.graphics.drawable.VectorDrawableCompat$VGroup: void setScaleY(float)
androidx.appcompat.widget.Toolbar: void setCollapseIcon(int)
androidx.media3.ui.PlayerView: void setKeepContentOnPlayerReset(boolean)
android.support.v4.media.AudioAttributesImplBaseParcelizer: androidx.media.AudioAttributesImplBase read(androidx.versionedparcelable.VersionedParcel)
androidx.appcompat.widget.AppCompatButton: int getAutoSizeMaxTextSize()
androidx.appcompat.widget.Toolbar: int getContentInsetLeft()
androidx.transition.ViewGroupUtils$Api29Impl: int getChildDrawingOrder(android.view.ViewGroup,int)
com.google.android.material.internal.NavigationMenuItemView: androidx.appcompat.view.menu.MenuItemImpl getItemData()
androidx.transition.ViewUtilsApi23$Api29Impl: void setTransitionVisibility(android.view.View,int)
androidx.appcompat.widget.SwitchCompat: void setTrackTintList(android.content.res.ColorStateList)
androidx.vectordrawable.graphics.drawable.VectorDrawableCompat$VFullPath: float getFillAlpha()
com.google.android.material.chip.Chip: void setCloseIconSizeResource(int)