app/build/outputs/mapping/debug/usage.txt
com.alisu.filex.FileAdapter:
    public final void filter(java.lang.String)
com.alisu.filex.MainActivity$FolderState:
    public void <init>()
    public synthetic void <init>(android.os.Parcelable,java.util.Set,int,kotlin.jvm.internal.DefaultConstructorMarker)
    public final android.os.Parcelable component1()
    public final java.util.Set component2()
    public final com.alisu.filex.MainActivity$FolderState copy(android.os.Parcelable,java.util.Set)
    public static synthetic com.alisu.filex.MainActivity$FolderState copy$default(com.alisu.filex.MainActivity$FolderState,android.os.Parcelable,java.util.Set,int,java.lang.Object)
com.alisu.filex.MainActivity$Tab:
    public final java.lang.String component1()
    public final java.lang.String component2()
    public final com.alisu.filex.core.FileProvider component3()
    public final java.util.Stack component4()
    public final java.util.Map component5()
    public final com.alisu.filex.MainActivity$Tab copy(java.lang.String,java.lang.String,com.alisu.filex.core.FileProvider,java.util.Stack,java.util.Map)
    public static synthetic com.alisu.filex.MainActivity$Tab copy$default(com.alisu.filex.MainActivity$Tab,java.lang.String,java.lang.String,com.alisu.filex.core.FileProvider,java.util.Stack,java.util.Map,int,java.lang.Object)
com.alisu.filex.MainActivity$generateUniqueName$1
com.alisu.filex.MainActivity:
    public static final synthetic java.lang.Object access$generateUniqueName(com.alisu.filex.MainActivity,com.alisu.filex.core.FileProvider,java.lang.String,java.lang.String,kotlin.coroutines.Continuation)
    private final void cleanOldTrashItems(int)
    private final java.lang.Object generateUniqueName(com.alisu.filex.core.FileProvider,java.lang.String,java.lang.String,kotlin.coroutines.Continuation)
com.alisu.filex.MenuAction:
    public final java.lang.String component1()
    public final java.lang.String component2()
    public final int component3()
    public final com.alisu.filex.MenuAction copy(java.lang.String,java.lang.String,int)
    public static synthetic com.alisu.filex.MenuAction copy$default(com.alisu.filex.MenuAction,java.lang.String,java.lang.String,int,int,java.lang.Object)
com.alisu.filex.R$attr
com.alisu.filex.R$color
com.alisu.filex.R$dimen
com.alisu.filex.R$drawable:
    public static int bg_actionbar_action_dark
    public static int bg_actionbar_action_light
    public static int bg_bottom_menu
    public static int bg_chips
    public static int bg_chips_select
    public static int bg_eink_dialog
    public static int bg_icon_rounded
    public static int bg_menu
    public static int bg_page_indicator
    public static int bg_progress_rounded
    public static int bg_selectable_button
    public static int bg_tab_active
    public static int bg_title_menu
    public static int fast_thumb_x
    public static int fast_thumb_y
    public static int fast_track_x
    public static int fast_track_y
    public static int fastscroll_label
    public static int fastscroll_thumb
    public static int folderm_archive
    public static int folderm_cloud
    public static int folderm_default
    public static int folderm_document
    public static int folderm_download
    public static int folderm_games
    public static int folderm_home
    public static int folderm_internal
    public static int folderm_music
    public static int folderm_picture
    public static int folderm_root
    public static int folderm_sd
    public static int folderm_usb
    public static int folderm_video
    public static int foldern_archive
    public static int foldern_cloud
    public static int foldern_document
    public static int foldern_download
    public static int foldern_ftp
    public static int foldern_games
...
androidx.core.app.NotificationCompat$CallStyle$Api23Impl
androidx.core.app.NotificationCompat$CallStyle$Api24Impl
androidx.core.app.NotificationCompat$CallStyle$Api28Impl
androidx.core.app.NotificationCompat$CallStyle$Api31Impl
androidx.core.app.NotificationCompat$CallStyle$CallType
androidx.core.app.NotificationCompat$CallStyle:
    public static final int CALL_TYPE_INCOMING
    public static final int CALL_TYPE_ONGOING
    public static final int CALL_TYPE_SCREENING
    public static final int CALL_TYPE_UNKNOWN
    private static final java.lang.String KEY_ACTION_PRIORITY
    private static final java.lang.String TEMPLATE_CLASS_NAME
    private java.lang.Integer mAnswerButtonColor
    private android.app.PendingIntent mAnswerIntent
    private int mCallType
    private java.lang.Integer mDeclineButtonColor
    private android.app.PendingIntent mDeclineIntent
    private android.app.PendingIntent mHangUpIntent
    private boolean mIsVideo
    private androidx.core.app.Person mPerson
    private androidx.core.graphics.drawable.IconCompat mVerificationIcon
    private java.lang.CharSequence mVerificationText
    public void <init>()
    private void <init>(int,androidx.core.app.Person,android.app.PendingIntent,android.app.PendingIntent,android.app.PendingIntent)
    public void <init>(androidx.core.app.NotificationCompat$Builder)
    public void addCompatExtras(android.os.Bundle)
    public void apply(androidx.core.app.NotificationBuilderWithBuilderAccessor)
    public boolean displayCustomViewInline()
    public static androidx.core.app.NotificationCompat$CallStyle forIncomingCall(androidx.core.app.Person,android.app.PendingIntent,android.app.PendingIntent)
androidx.core.app.NotificationCompat$CarExtender$Api20Impl
androidx.core.app.NotificationCompat$CarExtender$Api29Impl
androidx.core.app.NotificationCompat$CarExtender$UnreadConversation$Builder
androidx.core.app.NotificationCompat$CarExtender$UnreadConversation
androidx.core.app.NotificationCompat$CarExtender
androidx.core.app.NotificationCompat$DecoratedCustomViewStyle$Api24Impl
androidx.core.app.NotificationCompat$DecoratedCustomViewStyle
androidx.core.app.NotificationCompat$Extender
androidx.core.app.NotificationCompat$GroupAlertBehavior
androidx.core.app.NotificationCompat$InboxStyle
androidx.core.app.NotificationCompat$MessagingStyle$Api24Impl
androidx.core.app.NotificationCompat$MessagingStyle$Api26Impl
androidx.core.app.NotificationCompat$MessagingStyle$Api28Impl
androidx.core.app.NotificationCompat$MessagingStyle$Message$Api24Impl
androidx.core.app.NotificationCompat$MessagingStyle$Message$Api28Impl
androidx.core.app.NotificationCompat$MessagingStyle$Message
androidx.core.app.NotificationCompat$MessagingStyle
androidx.core.app.NotificationCompat$NotificationVisibility
androidx.core.app.NotificationCompat$ProgressStyle$Api36Impl
androidx.core.app.NotificationCompat$ProgressStyle$Point
androidx.core.app.NotificationCompat$ProgressStyle$Segment
androidx.core.app.NotificationCompat$ProgressStyle
androidx.core.app.NotificationCompat$ServiceNotificationBehavior
androidx.core.app.NotificationCompat$StreamType
androidx.core.app.NotificationCompat$Style$Api24Impl